<?xml version="1.0" encoding="UTF-8"?>
<!-- Generated by org.testng.reporters.JUnitReportReporter -->
<testsuite hostname="DESKTOP-5JQ5RTR" failures="0" tests="4" name="Test.TestNGPriority" time="0.011" errors="0" timestamp="2025-02-24T12:21:44 IST" skipped="0">
  <testcase classname="Test.TestNGPriority" name="test2" time="0.002"/>
  <testcase classname="Test.TestNGPriority" name="test1" time="0.000"/>
  <testcase classname="Test.TestNGPriority" name="test4" time="0.003"/>
  <testcase classname="Test.TestNGPriority" name="test3" time="0.006"/>
</testsuite> <!-- Test.TestNGPriority -->
