<?xml version="1.0" encoding="UTF-8"?>
<!-- Generated by org.testng.reporters.JUnitReportReporter -->
<testsuite hostname="DESKTOP-5JQ5RTR" failures="0" tests="4" name="Test.TestNGPriority" time="0.015" errors="0" timestamp="2025-02-23T23:50:56 IST" skipped="0">
  <testcase classname="Test.TestNGPriority" name="test2" time="0.015"/>
  <testcase classname="Test.TestNGPriority" name="test1" time="0.000"/>
  <testcase classname="Test.TestNGPriority" name="test4" time="0.000"/>
  <testcase classname="Test.TestNGPriority" name="test3" time="0.000"/>
</testsuite> <!-- Test.TestNGPriority -->
