<?xml version="1.0" encoding="UTF-8"?>
<!-- Generated by org.testng.reporters.JUnitReportReporter -->
<testsuite hostname="DESKTOP-5JQ5RTR" failures="0" tests="1" name="Test.BookSearch" time="112.528" errors="0" timestamp="2025-02-24T13:15:34 IST" skipped="0">
  <testcase classname="Test.BookSearch" name="search" time="112.528"/>
</testsuite> <!-- Test.BookSearch -->
