<?xml version="1.0" encoding="UTF-8"?>
<!-- Generated by org.testng.reporters.JUnitReportReporter -->
<testsuite hostname="DESKTOP-5JQ5RTR" failures="0" tests="1" name="Test.GoogleSearchTestNG" time="3.672" errors="0" timestamp="2025-02-16T21:27:46 IST" skipped="0">
  <testcase classname="Test.GoogleSearchTestNG" name="googlesearch" time="3.672"/>
</testsuite> <!-- Test.GoogleSearchTestNG -->
