<?xml version="1.0" encoding="UTF-8"?>
<!-- Generated by org.testng.reporters.JUnitReportReporter -->
<testsuite hostname="DESKTOP-5JQ5RTR" failures="0" tests="4" name="ListenersTestNG.ListenersDemo" time="0.020" errors="0" timestamp="2025-02-18T22:22:34 IST" skipped="0">
  <testcase classname="ListenersTestNG.ListenersDemo" name="test3" time="0.001"/>
  <testcase classname="ListenersTestNG.ListenersDemo" name="test2" time="0.003"/>
  <testcase classname="ListenersTestNG.ListenersDemo" name="test4" time="0.002"/>
  <testcase classname="ListenersTestNG.ListenersDemo" name="test1" time="0.014"/>
</testsuite> <!-- ListenersTestNG.ListenersDemo -->
