<?xml version="1.0" encoding="UTF-8"?>
<!-- Generated by org.testng.reporters.JUnitReportReporter -->
<testsuite hostname="DESKTOP-5JQ5RTR" failures="0" tests="4" name="Test.TestNGPriority" time="0.022" errors="0" timestamp="2025-02-20T10:48:17 IST" skipped="0">
  <testcase classname="Test.TestNGPriority" name="test2" time="0.014"/>
  <testcase classname="Test.TestNGPriority" name="test1" time="0.003"/>
  <testcase classname="Test.TestNGPriority" name="test4" time="0.004"/>
  <testcase classname="Test.TestNGPriority" name="test3" time="0.001"/>
</testsuite> <!-- Test.TestNGPriority -->
