<?xml version="1.0" encoding="UTF-8"?>
<!-- Generated by org.testng.reporters.JUnitReportReporter -->
<testsuite hostname="DESKTOP-5JQ5RTR" failures="0" tests="2" name="ListenersTestNG.ListenersDemo2" time="0.004" errors="0" timestamp="2025-02-18T22:22:34 IST" skipped="0">
  <testcase classname="ListenersTestNG.ListenersDemo2" name="test5" time="0.002"/>
  <testcase classname="ListenersTestNG.ListenersDemo2" name="test6" time="0.002"/>
</testsuite> <!-- ListenersTestNG.ListenersDemo2 -->
